<?xml version="1.0" encoding="UTF-8"?>
<!-- Generated by org.testng.reporters.JUnitXMLReporter -->
<testsuite ignored="0" hostname="LAPTOP-GAUPM6CM" failures="0" tests="4" name="TestB" time="43.111" errors="0" timestamp="2023-05-23T09:38:21 IST">
  <testcase classname="testscripts.regression.ValidateLogin2" name="validateLoginTest1" time="1.241"/>
  <testcase classname="testscripts.regression.ValidateLogin2" name="validateLoginTest2" time="0.769"/>
  <testcase classname="testscripts.regression.ValidateLogin2" name="validateLoginTest3" time="0.8"/>
  <testcase classname="testscripts.regression.ValidateLogin2" name="validateLoginTest4" time="0.779"/>
</testsuite> <!-- TestB -->
