<?xml version="1.0" encoding="UTF-8"?>
<testng-results ignored="0" total="1" passed="1" failed="0" skipped="0">
  <reporter-output>
  </reporter-output>
  <suite started-at="2023-05-12T09:43:42 IST" name="Suite" finished-at="2023-05-12T09:43:54 IST" duration-ms="12618">
    <groups>
    </groups>
    <test started-at="2023-05-12T09:43:42 IST" name="Test" finished-at="2023-05-12T09:43:54 IST" duration-ms="12618">
      <class name="may12th.AdatcinLogin">
        <test-method is-config="true" signature="setUp()[pri:0, instance:may12th.AdatcinLogin@3f6f6701]" started-at="2023-05-12T09:43:42 IST" name="setUp" finished-at="2023-05-12T09:43:47 IST" duration-ms="5770" status="PASS">
          <reporter-output>
          </reporter-output>
        </test-method> <!-- setUp -->
        <test-method signature="loginTest()[pri:0, instance:may12th.AdatcinLogin@3f6f6701]" started-at="2023-05-12T09:43:48 IST" name="loginTest" finished-at="2023-05-12T09:43:49 IST" duration-ms="1362" status="PASS">
          <reporter-output>
          </reporter-output>
        </test-method> <!-- loginTest -->
        <test-method is-config="true" signature="teardown()[pri:0, instance:may12th.AdatcinLogin@3f6f6701]" started-at="2023-05-12T09:43:49 IST" name="teardown" finished-at="2023-05-12T09:43:54 IST" duration-ms="5429" status="PASS">
          <reporter-output>
          </reporter-output>
        </test-method> <!-- teardown -->
      </class> <!-- may12th.AdatcinLogin -->
    </test> <!-- Test -->
  </suite> <!-- Suite -->
</testng-results>
