<?xml version="1.0" encoding="UTF-8"?>
<testng-results ignored="0" total="1" passed="1" failed="0" skipped="0">
  <reporter-output>
  </reporter-output>
  <suite started-at="2023-05-15T11:29:42 IST" name="Default suite" finished-at="2023-05-15T11:29:53 IST" duration-ms="11379">
    <groups>
    </groups>
    <test started-at="2023-05-15T11:29:42 IST" name="Default test" finished-at="2023-05-15T11:29:53 IST" duration-ms="11379">
      <class name="may15th.ValidateLogin">
        <test-method is-config="true" signature="setUp()[pri:0, instance:may15th.ValidateLogin@67c33749]" started-at="2023-05-15T11:29:42 IST" name="setUp" finished-at="2023-05-15T11:29:46 IST" duration-ms="4963" status="PASS">
          <reporter-output>
          </reporter-output>
        </test-method> <!-- setUp -->
        <test-method signature="validateLoginTest()[pri:0, instance:may15th.ValidateLogin@67c33749]" started-at="2023-05-15T11:29:46 IST" name="validateLoginTest" finished-at="2023-05-15T11:29:48 IST" duration-ms="1048" status="PASS">
          <reporter-output>
          </reporter-output>
        </test-method> <!-- validateLoginTest -->
        <test-method is-config="true" signature="teardown()[pri:0, instance:may15th.ValidateLogin@67c33749]" started-at="2023-05-15T11:29:48 IST" name="teardown" finished-at="2023-05-15T11:29:53 IST" duration-ms="5349" status="PASS">
          <reporter-output>
          </reporter-output>
        </test-method> <!-- teardown -->
      </class> <!-- may15th.ValidateLogin -->
    </test> <!-- Default test -->
  </suite> <!-- Default suite -->
</testng-results>
