<?xml version="1.0" encoding="UTF-8"?>
<testng-results ignored="0" total="1" passed="1" failed="0" skipped="0">
  <reporter-output>
  </reporter-output>
  <suite started-at="2023-05-18T10:54:53 IST" name="Default suite" finished-at="2023-05-18T10:55:04 IST" duration-ms="11124">
    <groups>
    </groups>
    <test started-at="2023-05-18T10:54:53 IST" name="Default test" finished-at="2023-05-18T10:55:04 IST" duration-ms="11124">
      <class name="testscripts.regression.ValidateLogin">
        <test-method is-config="true" signature="fileSetUp()[pri:0, instance:testscripts.regression.ValidateLogin@2805d709]" started-at="2023-05-18T10:54:53 IST" name="fileSetUp" finished-at="2023-05-18T10:54:53 IST" duration-ms="5" status="PASS">
          <reporter-output>
          </reporter-output>
        </test-method> <!-- fileSetUp -->
        <test-method is-config="true" signature="setUp()[pri:0, instance:testscripts.regression.ValidateLogin@2805d709]" started-at="2023-05-18T10:54:53 IST" name="setUp" finished-at="2023-05-18T10:54:58 IST" duration-ms="4804" status="PASS">
          <reporter-output>
          </reporter-output>
        </test-method> <!-- setUp -->
        <test-method signature="validateLoginTest()[pri:0, instance:testscripts.regression.ValidateLogin@2805d709]" started-at="2023-05-18T10:54:58 IST" name="validateLoginTest" finished-at="2023-05-18T10:54:59 IST" duration-ms="1084" status="PASS">
          <reporter-output>
          </reporter-output>
        </test-method> <!-- validateLoginTest -->
        <test-method is-config="true" signature="teardown()[pri:0, instance:testscripts.regression.ValidateLogin@2805d709]" started-at="2023-05-18T10:54:59 IST" name="teardown" finished-at="2023-05-18T10:55:04 IST" duration-ms="5213" status="PASS">
          <reporter-output>
          </reporter-output>
        </test-method> <!-- teardown -->
      </class> <!-- testscripts.regression.ValidateLogin -->
    </test> <!-- Default test -->
  </suite> <!-- Default suite -->
</testng-results>
