<?xml version="1.0" encoding="UTF-8"?>
<testng-results ignored="0" total="4" passed="4" failed="0" skipped="0">
  <reporter-output>
  </reporter-output>
  <suite started-at="2023-05-17T10:18:09 IST" name="Suite" finished-at="2023-05-17T10:18:57 IST" duration-ms="47678">
    <groups>
    </groups>
    <test started-at="2023-05-17T10:18:09 IST" name="Test" finished-at="2023-05-17T10:18:57 IST" duration-ms="47678">
      <class name="testscripts.regression.ValidateLoginUsingDataProvider">
        <test-method is-config="true" signature="fileSetUp()[pri:0, instance:testscripts.regression.ValidateLoginUsingDataProvider@31fa1761]" started-at="2023-05-17T10:18:09 IST" name="fileSetUp" finished-at="2023-05-17T10:18:09 IST" duration-ms="7" status="PASS">
          <reporter-output>
          </reporter-output>
        </test-method> <!-- fileSetUp -->
        <test-method is-config="true" signature="setUp()[pri:0, instance:testscripts.regression.ValidateLoginUsingDataProvider@31fa1761]" started-at="2023-05-17T10:18:09 IST" name="setUp" finished-at="2023-05-17T10:18:14 IST" duration-ms="4948" status="PASS">
          <reporter-output>
          </reporter-output>
        </test-method> <!-- setUp -->
        <test-method signature="validateLoginTest(java.lang.String,java.lang.String,java.lang.String)[pri:0, instance:testscripts.regression.ValidateLoginUsingDataProvider@31fa1761]" started-at="2023-05-17T10:18:14 IST" name="validateLoginTest" data-provider="getData" finished-at="2023-05-17T10:18:15 IST" duration-ms="1298" status="PASS">
          <params>
            <param index="0">
              <value>
                <![CDATA[reyaz0617]]>
              </value>
            </param>
            <param index="1">
              <value>
                <![CDATA[reyaz123]]>
              </value>
            </param>
            <param index="2">
              <value>
                <![CDATA[Adactin.com - Search Hotel]]>
              </value>
            </param>
          </params>
          <reporter-output>
          </reporter-output>
        </test-method> <!-- validateLoginTest -->
        <test-method is-config="true" signature="teardown()[pri:0, instance:testscripts.regression.ValidateLoginUsingDataProvider@31fa1761]" started-at="2023-05-17T10:18:15 IST" name="teardown" finished-at="2023-05-17T10:18:21 IST" duration-ms="5431" status="PASS">
          <reporter-output>
          </reporter-output>
        </test-method> <!-- teardown -->
        <test-method is-config="true" signature="setUp()[pri:0, instance:testscripts.regression.ValidateLoginUsingDataProvider@31fa1761]" started-at="2023-05-17T10:18:21 IST" name="setUp" finished-at="2023-05-17T10:18:28 IST" duration-ms="7136" status="PASS">
          <reporter-output>
          </reporter-output>
        </test-method> <!-- setUp -->
        <test-method signature="validateLoginTest(java.lang.String,java.lang.String,java.lang.String)[pri:0, instance:testscripts.regression.ValidateLoginUsingDataProvider@31fa1761]" started-at="2023-05-17T10:18:28 IST" name="validateLoginTest" data-provider="getData" finished-at="2023-05-17T10:18:29 IST" duration-ms="719" status="PASS">
          <params>
            <param index="0">
              <value>
                <![CDATA[reyaz0617]]>
              </value>
            </param>
            <param index="1">
              <value>
                <![CDATA[reyaz456]]>
              </value>
            </param>
            <param index="2">
              <value>
                <![CDATA[Adactin.com - Hotel Reservation System]]>
              </value>
            </param>
          </params>
          <reporter-output>
          </reporter-output>
        </test-method> <!-- validateLoginTest -->
        <test-method is-config="true" signature="teardown()[pri:0, instance:testscripts.regression.ValidateLoginUsingDataProvider@31fa1761]" started-at="2023-05-17T10:18:29 IST" name="teardown" finished-at="2023-05-17T10:18:34 IST" duration-ms="5374" status="PASS">
          <reporter-output>
          </reporter-output>
        </test-method> <!-- teardown -->
        <test-method is-config="true" signature="setUp()[pri:0, instance:testscripts.regression.ValidateLoginUsingDataProvider@31fa1761]" started-at="2023-05-17T10:18:34 IST" name="setUp" finished-at="2023-05-17T10:18:38 IST" duration-ms="3665" status="PASS">
          <reporter-output>
          </reporter-output>
        </test-method> <!-- setUp -->
        <test-method signature="validateLoginTest(java.lang.String,java.lang.String,java.lang.String)[pri:0, instance:testscripts.regression.ValidateLoginUsingDataProvider@31fa1761]" started-at="2023-05-17T10:18:38 IST" name="validateLoginTest" data-provider="getData" finished-at="2023-05-17T10:18:38 IST" duration-ms="781" status="PASS">
          <params>
            <param index="0">
              <value>
                <![CDATA[reyaz1310]]>
              </value>
            </param>
            <param index="1">
              <value>
                <![CDATA[reyaz123]]>
              </value>
            </param>
            <param index="2">
              <value>
                <![CDATA[Adactin.com - Hotel Reservation System]]>
              </value>
            </param>
          </params>
          <reporter-output>
          </reporter-output>
        </test-method> <!-- validateLoginTest -->
        <test-method is-config="true" signature="teardown()[pri:0, instance:testscripts.regression.ValidateLoginUsingDataProvider@31fa1761]" started-at="2023-05-17T10:18:38 IST" name="teardown" finished-at="2023-05-17T10:18:44 IST" duration-ms="5303" status="PASS">
          <reporter-output>
          </reporter-output>
        </test-method> <!-- teardown -->
        <test-method is-config="true" signature="setUp()[pri:0, instance:testscripts.regression.ValidateLoginUsingDataProvider@31fa1761]" started-at="2023-05-17T10:18:44 IST" name="setUp" finished-at="2023-05-17T10:18:51 IST" duration-ms="6902" status="PASS">
          <reporter-output>
          </reporter-output>
        </test-method> <!-- setUp -->
        <test-method signature="validateLoginTest(java.lang.String,java.lang.String,java.lang.String)[pri:0, instance:testscripts.regression.ValidateLoginUsingDataProvider@31fa1761]" started-at="2023-05-17T10:18:51 IST" name="validateLoginTest" data-provider="getData" finished-at="2023-05-17T10:18:51 IST" duration-ms="716" status="PASS">
          <params>
            <param index="0">
              <value>
                <![CDATA[reyaz1310]]>
              </value>
            </param>
            <param index="1">
              <value>
                <![CDATA[reyaz456]]>
              </value>
            </param>
            <param index="2">
              <value>
                <![CDATA[Adactin.com - Hotel Reservation System]]>
              </value>
            </param>
          </params>
          <reporter-output>
          </reporter-output>
        </test-method> <!-- validateLoginTest -->
        <test-method is-config="true" signature="teardown()[pri:0, instance:testscripts.regression.ValidateLoginUsingDataProvider@31fa1761]" started-at="2023-05-17T10:18:51 IST" name="teardown" finished-at="2023-05-17T10:18:57 IST" duration-ms="5343" status="PASS">
          <reporter-output>
          </reporter-output>
        </test-method> <!-- teardown -->
      </class> <!-- testscripts.regression.ValidateLoginUsingDataProvider -->
    </test> <!-- Test -->
  </suite> <!-- Suite -->
</testng-results>
