<?xml version="1.0" encoding="UTF-8"?>
<testng-results ignored="0" total="1" passed="1" failed="0" skipped="0">
  <reporter-output>
  </reporter-output>
  <suite started-at="2023-05-24T10:04:13 IST" name="Suite" finished-at="2023-05-24T10:04:27 IST" duration-ms="13914">
    <groups>
    </groups>
    <test started-at="2023-05-24T10:04:13 IST" name="Test" finished-at="2023-05-24T10:04:27 IST" duration-ms="13914">
      <class name="testscripts.regression.ValidateSearchHotelUsingDataProvider">
        <test-method is-config="true" signature="fileSetUp()[pri:0, instance:testscripts.regression.ValidateSearchHotelUsingDataProvider@3c77d488]" started-at="2023-05-24T10:04:13 IST" name="fileSetUp" finished-at="2023-05-24T10:04:13 IST" duration-ms="21" status="PASS">
          <reporter-output>
          </reporter-output>
        </test-method> <!-- fileSetUp -->
        <test-method is-config="true" signature="setUp()[pri:0, instance:testscripts.regression.ValidateSearchHotelUsingDataProvider@3c77d488]" started-at="2023-05-24T10:04:14 IST" name="setUp" finished-at="2023-05-24T10:04:18 IST" duration-ms="4939" status="PASS">
          <reporter-output>
          </reporter-output>
        </test-method> <!-- setUp -->
        <test-method signature="ValidateSearchHotelTest(java.util.HashMap)[pri:0, instance:testscripts.regression.ValidateSearchHotelUsingDataProvider@3c77d488]" started-at="2023-05-24T10:04:18 IST" name="ValidateSearchHotelTest" data-provider="getData" finished-at="2023-05-24T10:04:21 IST" duration-ms="2731" status="PASS">
          <params>
            <param index="0">
              <value>
                <![CDATA[{Check Out Date=25/05/2023, Adults per Room=2 - Two, Room Type=Standard, Username=reyaz0617, Number of Rooms=1 - One, Check In Date=24/05/2023, Expected Title1=Adactin.com - Search Hotel, Hotels =Hotel Creek, Password=reyaz123, Location=Sydney, Expected Title2=Adactin.com - Select Hotel}]]>
              </value>
            </param>
          </params>
          <reporter-output>
          </reporter-output>
        </test-method> <!-- ValidateSearchHotelTest -->
        <test-method is-config="true" signature="teardown()[pri:0, instance:testscripts.regression.ValidateSearchHotelUsingDataProvider@3c77d488]" started-at="2023-05-24T10:04:21 IST" name="teardown" finished-at="2023-05-24T10:04:26 IST" duration-ms="5300" status="PASS">
          <reporter-output>
          </reporter-output>
        </test-method> <!-- teardown -->
      </class> <!-- testscripts.regression.ValidateSearchHotelUsingDataProvider -->
    </test> <!-- Test -->
  </suite> <!-- Suite -->
</testng-results>
