<?xml version="1.0" encoding="UTF-8"?>
<testng-results ignored="0" total="1" passed="1" failed="0" skipped="0">
  <reporter-output>
  </reporter-output>
  <suite started-at="2023-05-23T10:26:06 IST" name="Default suite" finished-at="2023-05-23T10:26:16 IST" duration-ms="10419">
    <groups>
    </groups>
    <test started-at="2023-05-23T10:26:06 IST" name="Default test" finished-at="2023-05-23T10:26:16 IST" duration-ms="10419">
      <class name="testscripts.regression.ValidateLogin">
        <test-method is-config="true" signature="fileSetUp()[pri:0, instance:testscripts.regression.ValidateLogin@791f145a]" started-at="2023-05-23T10:26:06 IST" name="fileSetUp" finished-at="2023-05-23T10:26:06 IST" duration-ms="13" status="PASS">
          <reporter-output>
          </reporter-output>
        </test-method> <!-- fileSetUp -->
        <test-method is-config="true" signature="setUp()[pri:0, instance:testscripts.regression.ValidateLogin@791f145a]" started-at="2023-05-23T10:26:06 IST" name="setUp" finished-at="2023-05-23T10:26:10 IST" duration-ms="4239" status="PASS">
          <reporter-output>
          </reporter-output>
        </test-method> <!-- setUp -->
        <test-method signature="validateLoginTest()[pri:0, instance:testscripts.regression.ValidateLogin@791f145a]" started-at="2023-05-23T10:26:10 IST" name="validateLoginTest" finished-at="2023-05-23T10:26:11 IST" duration-ms="899" status="PASS">
          <reporter-output>
          </reporter-output>
        </test-method> <!-- validateLoginTest -->
        <test-method is-config="true" signature="teardown()[pri:0, instance:testscripts.regression.ValidateLogin@791f145a]" started-at="2023-05-23T10:26:11 IST" name="teardown" finished-at="2023-05-23T10:26:16 IST" duration-ms="5229" status="PASS">
          <reporter-output>
          </reporter-output>
        </test-method> <!-- teardown -->
      </class> <!-- testscripts.regression.ValidateLogin -->
    </test> <!-- Default test -->
  </suite> <!-- Default suite -->
</testng-results>
